<?xml version="1.0" encoding="UTF-8"?>
<!-- Generated by org.testng.reporters.JUnitXMLReporter -->
<testsuite ignored="0" hostname="751b247f8d4c" failures="0" tests="6" name="Test-1" time="43.61" errors="0" timestamp="2023-08-27T09:43:05 GMT">
  <testcase classname="flight.tests.BookFlightTest" name="registration_page" time="24.108"/>
  <testcase classname="flight.tests.BookFlightTest" name="registration_confirmation_page" time="0.189"/>
  <testcase classname="flight.tests.BookFlightTest" name="flight_details_page" time="3.388"/>
  <testcase classname="flight.tests.BookFlightTest" name="flight_reservation" time="0.326"/>
  <testcase classname="flight.tests.BookFlightTest" name="billing_address" time="0.734"/>
  <testcase classname="flight.tests.BookFlightTest" name="payment_details_page" time="0.333"/>
</testsuite> <!-- Test-1 -->
