<?xml version="1.0" encoding="UTF-8"?>
<!-- Generated by org.testng.reporters.JUnitReportReporter -->
<testsuite hostname="751b247f8d4c" failures="0" tests="12" name="flight.tests.BookFlightTest" time="100.443" errors="0" timestamp="2023-08-27T09:43:55 GMT" skipped="0">
  <testcase classname="flight.tests.BookFlightTest" name="billing_address" time="0.686"/>
  <system-out/>
  <testcase classname="flight.tests.BookFlightTest" name="registration_page" time="24.108"/>
  <system-out/>
  <testcase classname="flight.tests.BookFlightTest" name="billing_address" time="0.734"/>
  <system-out/>
  <testcase classname="flight.tests.BookFlightTest" name="registration_page" time="66.675"/>
  <system-out/>
  <testcase classname="flight.tests.BookFlightTest" name="payment_details_page" time="0.297"/>
  <system-out/>
  <testcase classname="flight.tests.BookFlightTest" name="registration_confirmation_page" time="0.137"/>
  <system-out/>
  <testcase classname="flight.tests.BookFlightTest" name="flight_details_page" time="3.265"/>
  <system-out/>
  <testcase classname="flight.tests.BookFlightTest" name="payment_details_page" time="0.333"/>
  <system-out/>
  <testcase classname="flight.tests.BookFlightTest" name="flight_reservation" time="0.326"/>
  <system-out/>
  <testcase classname="flight.tests.BookFlightTest" name="flight_reservation" time="0.305"/>
  <system-out/>
  <testcase classname="flight.tests.BookFlightTest" name="registration_confirmation_page" time="0.189"/>
  <system-out/>
  <testcase classname="flight.tests.BookFlightTest" name="flight_details_page" time="3.388"/>
  <system-out/>
</testsuite> <!-- flight.tests.BookFlightTest -->
